     1                                  extern printf
     2                                  section .data
     3 00000000 0000000000002440            radius dq 10.0
     4 00000008 1F85EB51B81E0940            pi dq 3.14
     5 00000010 546865206172656120-         fmt db "The area of circle of ",10,"***************radius %.2f******************: %.2f",10,0
     5 00000019 6F6620636972636C65-
     5 00000022 206F66200A2A2A2A2A-
     5 0000002B 2A2A2A2A2A2A2A2A2A-
     5 00000034 2A2A72616469757320-
     5 0000003D 252E32662A2A2A2A2A-
     5 00000046 2A2A2A2A2A2A2A2A2A-
     5 0000004F 2A2A2A2A3A20252E32-
     5 00000058 660A00             
     6                                  section .text
     7                                      global main
     8                                  main:
     9 00000000 55                          push rbp
    10 00000001 4889E5                      mov rbp, rsp 
    11 00000004 E81F000000                  call area
    12 00000009 48BF-                       mov rdi, fmt
    12 0000000B [1000000000000000] 
    13 00000013 F20F100425-                 movsd xmm0, [radius]
    13 00000018 [00000000]         
    14 0000001C B801000000                  mov rax, 1
    15 00000021 E8(00000000)                call printf
    16                                      
    17 00000026 C9                          leave
    18 00000027 C3                          ret
    19                                  
    20                                  area:
    21 00000028 55                          push rbp
    22 00000029 4889E5                      mov rbp, rsp 
    23 0000002C F20F100C25-                 movsd xmm1,[radius]
    23 00000031 [00000000]         
    24 00000035 F20F590C25-                 mulsd xmm1, [radius]
    24 0000003A [00000000]         
    25 0000003E F20F590C25-                 mulsd xmm1, [pi]
    25 00000043 [08000000]         
    26                                      
    27 00000047 C9                          leave 
    28 00000048 C3                          ret
