     1                                  extern printf
     2                                  extern c_area
     3                                  extern c_circumference
     4                                  extern r_area 
     5                                  extern r_cicumference
     6                                  global pi
     7                                  section .data.
     8 00000000 6F1283C0CA210940            pi dq 3.1415
     9 00000008 0000000000002440            radius dq 10.0
    10 00000010 0400000000000000            side1 dq 4
    11 00000018 0500000000000000            side2 dq 5
    12 00000020 25732025660A00              format_f db "%s %f",10,0
    13 00000027 25732025640A00              format_i db "%s %d",10,0
    14 0000002E 546865204172656120-         ca db "The Area of the circle is",10,0
    14 00000037 6F6620746865206369-
    14 00000040 72636C652069730A00 
    15 00000049 546865204369726375-         cc db "The Circumference of the circle is ",10,0
    15 00000052 6D666572656E636520-
    15 0000005B 6F6620746865206369-
    15 00000064 72636C65206973200A-
    15 0000006D 00                 
    16 0000006E 546865204172656120-         ra db "The Area of the rectangle is",10,0
    16 00000077 6F6620746865207265-
    16 00000080 6374616E676C652069-
    16 00000089 730A00             
    17 0000008C 546865204369726375-         rc db "The Circumference of the rectangle is ",10,0
    17 00000095 6D666572656E636520-
    17 0000009E 6F6620746865207265-
    17 000000A7 6374616E676C652069-
    17 000000B0 73200A00           
    18                                      
    19                                  section .text
    20                                      global main
    21                                  main:
    22 00000000 55                          push rbp
    23 00000001 4889E5                      mov rbp, rsp
    24 00000004 F20F100425-                 movsd xmm0, qword[radius]
    24 00000009 [08000000]         
    25 0000000D E8(00000000)                call c_area
    26 00000012 48BF-                       mov rdi, format_f
    26 00000014 [2000000000000000] 
    27 0000001C 48BE-                       mov rsi, ca
    27 0000001E [2E00000000000000] 
    28 00000026 B801000000                  mov rax, 1
    29 0000002B E8(00000000)                call printf
    30 00000030 F20F100425-                 movsd xmm0, qword [radius]
    30 00000035 [08000000]         
    31 00000039 E8(00000000)                call c_circumference
    32 0000003E 48BF-                       mov rdi, format_f
    32 00000040 [2000000000000000] 
    33 00000048 48BE-                       mov rsi, cc
    33 0000004A [4900000000000000] 
    34 00000052 B801000000                  mov rax, 1
    35 00000057 E8(00000000)                call printf
    36                                      ;for rectangle here
    37 0000005C 488B3425[10000000]          mov rsi, [side1]
    38 00000064 488B3C25[18000000]          mov rdi, [side2]    
    39 0000006C E8(00000000)                call r_area
    40 00000071 48BF-                       mov rdi, format_i
    40 00000073 [2700000000000000] 
    41 0000007B 48BE-                       mov rsi, ra
    41 0000007D [6E00000000000000] 
    42 00000085 4889C2                      mov rdx, rax
    43 00000088 B800000000                  mov rax, 0
    44 0000008D E8(00000000)                call printf
    45 00000092 488B3425[10000000]          mov rsi, [side1]
    46 0000009A 488B3C25[18000000]          mov rdi, [side2]    
    47 000000A2 E8(00000000)                call r_cicumference
    48 000000A7 48BF-                       mov rdi, format_i
    48 000000A9 [2700000000000000] 
    49 000000B1 48BE-                       mov rsi, rc
    49 000000B3 [8C00000000000000] 
    50 000000BB 4889C2                      mov rdx, rax
    51 000000BE B800000000                  mov rax, 0
    52 000000C3 E8(00000000)                call printf
    53                                      
    54 000000C8 4889EC                      mov rsp, rbp
    55 000000CB 5D                          pop rbp
    56 000000CC C3                          ret
    57                                      
