     1                                  extern printf
     2                                  
     3                                  section .data
     4 00000000 0000000000002440            radius dq 10.0
     5                                  section .text
     6                                  area:
     7                                  section .data   
     8 00000008 1F85EB51B81E0940            .pi dq 3.14
     9                                  section .text 
    10 00000000 55                          push rbp
    11 00000001 4889E5                      mov rbp, rsp
    12 00000004 F20F100425-                 movsd xmm0, [radius]
    12 00000009 [00000000]         
    13 0000000D F20F590425-                 mulsd xmm0, [radius]
    13 00000012 [00000000]         
    14 00000016 F20F590425-                 mulsd xmm0, [.pi]
    14 0000001B [08000000]         
    15 0000001F C9                          leave
    16 00000020 C3                          ret
    17                                  
    18                                  circumference:
    19                                  section .data
    20 00000010 1F85EB51B81E0940            .pi dq 3.14
    21                                  section .text
    22 00000021 55                          push rbp
    23 00000022 4889E5                      mov rbp, rsp
    24 00000025 F20F100425-                 movsd xmm0, [radius]
    24 0000002A [00000000]         
    25 0000002E F20F580425-                 addsd xmm0, [radius]
    25 00000033 [00000000]         
    26 00000037 F20F590425-                 mulsd xmm0, [.pi]
    26 0000003C [10000000]         
    27 00000040 C9                          leave
    28 00000041 C3                          ret
    29                                  circle: 
    30                                  section .data
    31 00000018 546865206172656120-         area_format db "The area is %f", 10,0
    31 00000021 69732025660A00     
    32 00000028 546865206369726375-         circumference_format db "The circumference is %f", 10, 0
    32 00000031 6D666572656E636520-
    32 0000003A 69732025660A00     
    33                                  section .text
    34 00000042 55                          push rbp
    35 00000043 4889E5                      mov rbp, rsp
    36                                      
    37 00000046 E8B5FFFFFF                  call area
    38 0000004B 48BF-                       mov rdi, area_format
    38 0000004D [1800000000000000] 
    39 00000055 B801000000                  mov rax, 1
    40 0000005A E8(00000000)                call printf
    41                                      
    42 0000005F E8BDFFFFFF                  call circumference
    43 00000064 48BF-                       mov rdi, circumference_format
    43 00000066 [2800000000000000] 
    44 0000006E B801000000                  mov rax, 1
    45 00000073 E8(00000000)                call printf
    46 00000078 C9                          leave 
    47 00000079 C3                          ret
    48                                      global main
    49                                  main:
    50 0000007A 55                          push rbp
    51 0000007B 4889E5                      mov rbp, rsp
    52 0000007E E8BFFFFFFF                  call circle
    53 00000083 C9                          leave 
    54 00000084 C3                          ret
    55                                      
    56                                      
