     1                                  section .data
     2 00000000 7B                          bNum db 123
     3 00000001 3930                        wNum dw 12345
     4 00000003 0000<rep 5h>                warray times 5 dw 0
     5 0000000D 39300000                    dNum dd 12345
     6 00000011 3930000000000000            dNum1 dq 12345
     7 00000019 61626300                    text1 db "abc",0
     8 0000001D E8BB03225B2A0940            qNum2 dq 3.145681634654
     9 00000025 63646500                    text2 db "cde",0
    10                                  section .bss
    11 00000000 ??                          bvar resb 1
    12 00000001 ????????                    dbar resd 1
    13 00000005 <res 14h>                   wvar resw 10
    14 00000019 <res 5DC0h>                 qvar resq 3000
    15                                  
    16                                  section .text
    17                                      global main
    18                                  
    19 00000000 55                      main: push rbp
    20 00000001 4889E5                      mov rbp, rsp
    21                                      
    22 00000004 488D0425[00000000]          lea rax, [bNum]
    23 0000000C 48B8-                       mov rax, bNum
    23 0000000E [0000000000000000] 
    24 00000016 488B0425[00000000]          mov rax, [bNum]
    25 0000001E 488D0425[00000000]          lea rax, [bvar]
    26 00000026 488D0425[01000000]          lea rax, [wNum]
    27 0000002E 488B0425[01000000]          mov rax, [wNum]
    28 00000036 488D0425[19000000]          lea rax, [text1]
    29 0000003E 48B8-                       mov rax, text1
    29 00000040 [1900000000000000] 
    30 00000048 48B8-                       mov rax, text1+1
    30 0000004A [1A00000000000000] 
    31 00000052 488D0425[1A000000]          lea rax, [text1+1]
    32 0000005A 488B0425[19000000]          mov rax, [text1]
    33 00000062 B800000000                  mov rax, 0
    34 00000067 488B0425[1A000000]          mov rax, [text1+1]
    35                                      
    36 0000006F 4889EC                      mov rsp, rbp
    37 00000072 5D                          pop rbp
    38 00000073 C3                          ret
