     1                                  extern printb
     2                                  extern printf
     3                                  section .data
     4 00000000 D6FFFFFFFFFFFFFF          number1 dq -42
     5 00000008 1504000000000000          number2 dq 1045
     6 00000010 4E756D62657220310A-         msgn1 db "Number 1",10,0
     6 00000019 00                 
     7 0000001A 4E756D62657220320A-         msgn2 db "Number 2",10,0
     7 00000023 00                 
     8 00000024 584F520A00                  msg1  db "XOR",10,0
     9 00000029 4F520A00                    msg2  db "OR",10,0
    10 0000002D 414E440A00                  msg3  db "AND",10,0
    11 00000032 4E4F54204E756D6265-         msg4  db "NOT Number 1",10,0
    11 0000003B 7220310A00         
    12 00000040 53484C2032204C6F77-         msg5  db "SHL 2 Lower bytes of Number 1",10,0
    12 00000049 657220627974657320-
    12 00000052 6F66204E756D626572-
    12 0000005B 20310A00           
    13 0000005F 5348522032204C6F77-         msg6  db "SHR 2 Lower bytes of Number 1",10,0
    13 00000068 657220627974657320-
    13 00000071 6F66204E756D626572-
    13 0000007A 20310A00           
    14 0000007E 53414C2032204C6F77-         msg7  db "SAL 2 Lower bytes of Number 1",10,0
    14 00000087 657220627974657320-
    14 00000090 6F66204E756D626572-
    14 00000099 20310A00           
    15 0000009D 5341522032204C6F77-         msg8  db "SAR 2 Lower bytes of Number 1",10,0
    15 000000A6 657220627974657320-
    15 000000AF 6F66204E756D626572-
    15 000000B8 20310A00           
    16 000000BC 524F4C2032204C6F77-         msg9  db "ROL 2 Lower bytes of Number 1",10,0
    16 000000C5 657220627974657320-
    16 000000CE 6F66204E756D626572-
    16 000000D7 20310A00           
    17 000000DB 524F4C2032204C6F77-        msg10  db "ROL 2 Lower bytes of Number 2",10,0
    17 000000E4 657220627974657320-
    17 000000ED 6F66204E756D626572-
    17 000000F6 20320A00           
    18 000000FA 524F522032204C6F77-        msg11  db "ROR 2 Lower bytes of Number 1",10,0 
    18 00000103 657220627974657320-
    18 0000010C 6F66204E756D626572-
    18 00000115 20310A00           
    19 00000119 524F522032204C6F77-        msg12  db "ROR 2 Lower bytes of Number 2",10,0
    19 00000122 657220627974657320-
    19 0000012B 6F66204E756D626572-
    19 00000134 20320A00           
    20                                  
    21                                  section .bss
    22                                  section .text
    23                                      global main
    24                                  
    25                                  main:
    26 00000000 55                          push rbp
    27 00000001 4889E5                      mov rbp, rsp
    28 00000004 4883EC10                    sub rsp, 16
    29                                  
    30 00000008 48BE-                       mov rsi, msgn1
    30 0000000A [1000000000000000] 
    31 00000012 E8D9010000                  call printmsg
    32 00000017 488B3C25[00000000]          mov rdi, [number1]
    33 0000001F E8(00000000)                call printb
    34                                  
    35 00000024 48BE-                       mov rsi, msgn2
    35 00000026 [1A00000000000000] 
    36 0000002E E8BD010000                  call printmsg
    37 00000033 488B3C25[08000000]          mov rdi, [number2]
    38 0000003B E8(00000000)                call printb
    39                                  
    40 00000040 48BE-                       mov rsi, msg1
    40 00000042 [2400000000000000] 
    41 0000004A E8A1010000                  call printmsg
    42 0000004F 488B0425[00000000]          mov rax, [number1]
    43 00000057 48330425[08000000]          xor rax, [number2]
    44 0000005F 4889C7                      mov rdi, rax
    45 00000062 E8(00000000)                call printb
    46                                  
    47 00000067 48BE-                       mov rsi, msg2
    47 00000069 [2900000000000000] 
    48 00000071 E87A010000                  call printmsg
    49 00000076 488B0425[00000000]          mov rax, [number1]
    50 0000007E 480B0425[08000000]          or rax, [number2]
    51 00000086 4889C7                      mov rdi, rax
    52 00000089 E8(00000000)                call printb
    53                                  
    54 0000008E 48BE-                       mov rsi, msg3
    54 00000090 [2D00000000000000] 
    55 00000098 E853010000                  call printmsg
    56 0000009D 488B0425[00000000]          mov rax, [number1]
    57 000000A5 48230425[08000000]          and rax, [number2]
    58 000000AD 4889C7                      mov rdi, rax
    59 000000B0 E8(00000000)                call printb
    60                                  
    61 000000B5 48BE-                       mov rsi, msg4
    61 000000B7 [3200000000000000] 
    62 000000BF E82C010000                  call printmsg
    63 000000C4 488B0425[00000000]          mov rax, [number1]
    64 000000CC 48F7D0                      not rax
    65 000000CF 4889C7                      mov rdi, rax
    66 000000D2 E8(00000000)                call printb
    67                                  
    68 000000D7 48BE-                       mov rsi, msg5
    68 000000D9 [4000000000000000] 
    69 000000E1 E80A010000                  call printmsg
    70 000000E6 488B0425[00000000]          mov rax, [number1]
    71 000000EE C0E002                      shl al, 2
    72 000000F1 4889C7                      mov rdi, rax
    73 000000F4 E8(00000000)                call printb
    74                                  
    75 000000F9 48BE-                       mov rsi, msg6
    75 000000FB [5F00000000000000] 
    76 00000103 E8E8000000                  call printmsg
    77 00000108 488B0425[00000000]          mov rax, [number1]
    78 00000110 C0E802                      shr al, 2
    79 00000113 4889C7                      mov rdi, rax
    80 00000116 E8(00000000)                call printb
    81                                  
    82 0000011B 48BE-                       mov rsi, msg7
    82 0000011D [7E00000000000000] 
    83 00000125 E8C6000000                  call printmsg
    84 0000012A 488B0425[00000000]          mov rax, [number1]
    85 00000132 C0E002                      sal al, 2
    86 00000135 4889C7                      mov rdi, rax
    87 00000138 E8(00000000)                call printb
    88                                  
    89 0000013D 48BE-                       mov rsi, msg8
    89 0000013F [9D00000000000000] 
    90 00000147 E8A4000000                  call printmsg
    91 0000014C 488B0425[00000000]          mov rax, [number1]
    92 00000154 C0F802                      sar al, 2
    93 00000157 4889C7                      mov rdi, rax
    94 0000015A E8(00000000)                call printb
    95                                  
    96 0000015F 48BE-                       mov rsi, msg9
    96 00000161 [BC00000000000000] 
    97 00000169 E882000000                  call printmsg
    98 0000016E 488B0425[00000000]          mov rax, [number1]
    99 00000176 C0C002                      rol al, 2
   100 00000179 4889C7                      mov rdi, rax
   101 0000017C E8(00000000)                call printb
   102                                  
   103 00000181 48BE-                       mov rsi, msg10
   103 00000183 [DB00000000000000] 
   104 0000018B E860000000                  call printmsg
   105 00000190 488B0425[08000000]          mov rax, [number2]
   106 00000198 C0C002                      rol al, 2
   107 0000019B 4889C7                      mov rdi, rax
   108 0000019E E8(00000000)                call printb
   109                                  
   110 000001A3 48BE-                       mov rsi, msg11
   110 000001A5 [FA00000000000000] 
   111 000001AD E83E000000                  call printmsg
   112 000001B2 488B0425[00000000]          mov rax, [number1]
   113 000001BA C0C802                      ror al,2
   114 000001BD 4889C7                      mov rdi, rax
   115 000001C0 E8(00000000)                call printb
   116                                  
   117 000001C5 48BE-                       mov rsi, msg12
   117 000001C7 [1901000000000000] 
   118 000001CF E81C000000                  call printmsg
   119 000001D4 488B0425[08000000]          mov rax, [number2]
   120 000001DC C0C802                      ror al, 2
   121 000001DF 4889C7                      mov rdi, rax
   122 000001E2 E8(00000000)                call printb
   123                                  
   124 000001E7 4883C410                    add rsp, 16 
   125 000001EB 4889EC                      mov rsp, rbp
   126 000001EE 5D                          pop rbp
   127 000001EF C3                          ret
   128                                  printmsg:
   129                                  section .data
   130 00000138 257300                      .fmtstr db "%s",0
   131                                  section .text
   132 000001F0 48BF-                       mov rdi, .fmtstr
   132 000001F2 [3801000000000000] 
   133 000001FA B800000000                  mov rax, 0
   134 000001FF E8(00000000)                call printf
   135 00000204 C3                          ret
   136                                      
